<?xml version="1.0" encoding="UTF-8"?>
<testng-results total="2" passed="2" failed="0" skipped="0">
  <reporter-output>
    <line>
      <![CDATA[ErrMsg is Displayed:Invalid username and/or password.]]>
    </line>
    <line>
      <![CDATA[HomePage is Displayed]]>
    </line>
  </reporter-output>
  <suite started-at="2024-03-27T06:25:35Z" name="AutomationSuite" finished-at="2024-03-27T06:26:00Z" duration-ms="25235">
    <groups>
    </groups>
    <test started-at="2024-03-27T06:25:35Z" name="RegressionTestOnChrome" finished-at="2024-03-27T06:26:00Z" duration-ms="25235">
      <class name="script.InvalidLogin">
        <test-method is-config="true" signature="initReport()[pri:0, instance:script.InvalidLogin@c03cf28]" started-at="2024-03-27T11:55:34Z" name="initReport" finished-at="2024-03-27T11:55:35Z" duration-ms="760" status="PASS">
          <reporter-output>
          </reporter-output>
        </test-method> <!-- initReport -->
        <test-method is-config="true" signature="preCondition(java.lang.reflect.Method, java.lang.String, java.lang.String, java.lang.String)[pri:0, instance:script.InvalidLogin@c03cf28]" started-at="2024-03-27T11:55:35Z" name="preCondition" finished-at="2024-03-27T11:55:43Z" duration-ms="7858" status="PASS">
          <params>
            <param index="0">
              <value>
                <![CDATA[public void script.InvalidLogin.testInvalidLogin()]]>
              </value>
            </param>
            <param index="1">
              <value>
                <![CDATA[chrome]]>
              </value>
            </param>
            <param index="2">
              <value>
                <![CDATA[no]]>
              </value>
            </param>
            <param index="3">
              <value>
                <![CDATA[https://oauth-sandhya.sanjali-54dac:c085bba3-3591-4811-93ef-e0a936592b95@ondemand.eu-central-1.saucelabs.com:443/wd/hub]]>
              </value>
            </param>
          </params>
          <reporter-output>
          </reporter-output>
        </test-method> <!-- preCondition -->
        <test-method signature="testInvalidLogin()[pri:2, instance:script.InvalidLogin@c03cf28]" started-at="2024-03-27T11:55:43Z" name="testInvalidLogin" finished-at="2024-03-27T11:55:47Z" duration-ms="4146" status="PASS">
          <reporter-output>
            <line>
              <![CDATA[ErrMsg is Displayed:Invalid username and/or password.]]>
            </line>
          </reporter-output>
        </test-method> <!-- testInvalidLogin -->
        <test-method is-config="true" signature="postCondition(org.testng.ITestResult)[pri:0, instance:script.InvalidLogin@c03cf28]" started-at="2024-03-27T11:55:47Z" name="postCondition" finished-at="2024-03-27T11:55:49Z" duration-ms="2454" status="PASS">
          <params>
            <param index="0">
              <value>
                <![CDATA[[TestResult name=testInvalidLogin status=SUCCESS method=InvalidLogin.testInvalidLogin()[pri:2, instance:script.InvalidLogin@c03cf28] output=ErrMsg is Displayed:Invalid username and/or password.]]]>
              </value>
            </param>
          </params>
          <reporter-output>
          </reporter-output>
        </test-method> <!-- postCondition -->
        <test-method is-config="true" signature="publishReport()[pri:0, instance:script.InvalidLogin@c03cf28]" started-at="2024-03-27T11:56:00Z" name="publishReport" finished-at="2024-03-27T11:56:01Z" duration-ms="967" status="PASS">
          <reporter-output>
          </reporter-output>
        </test-method> <!-- publishReport -->
      </class> <!-- script.InvalidLogin -->
      <class name="script.ValidLogin">
        <test-method is-config="true" signature="preCondition(java.lang.reflect.Method, java.lang.String, java.lang.String, java.lang.String)[pri:0, instance:script.ValidLogin@1329eff]" started-at="2024-03-27T11:55:49Z" name="preCondition" finished-at="2024-03-27T11:55:55Z" duration-ms="5416" status="PASS">
          <params>
            <param index="0">
              <value>
                <![CDATA[public void script.ValidLogin.testValidLogin()]]>
              </value>
            </param>
            <param index="1">
              <value>
                <![CDATA[chrome]]>
              </value>
            </param>
            <param index="2">
              <value>
                <![CDATA[no]]>
              </value>
            </param>
            <param index="3">
              <value>
                <![CDATA[https://oauth-sandhya.sanjali-54dac:c085bba3-3591-4811-93ef-e0a936592b95@ondemand.eu-central-1.saucelabs.com:443/wd/hub]]>
              </value>
            </param>
          </params>
          <reporter-output>
          </reporter-output>
        </test-method> <!-- preCondition -->
        <test-method signature="testValidLogin()[pri:1, instance:script.ValidLogin@1329eff]" started-at="2024-03-27T11:55:55Z" name="testValidLogin" finished-at="2024-03-27T11:55:58Z" duration-ms="2913" status="PASS">
          <reporter-output>
            <line>
              <![CDATA[HomePage is Displayed]]>
            </line>
          </reporter-output>
        </test-method> <!-- testValidLogin -->
        <test-method is-config="true" signature="postCondition(org.testng.ITestResult)[pri:0, instance:script.ValidLogin@1329eff]" started-at="2024-03-27T11:55:58Z" name="postCondition" finished-at="2024-03-27T11:56:00Z" duration-ms="2416" status="PASS">
          <params>
            <param index="0">
              <value>
                <![CDATA[[TestResult name=testValidLogin status=SUCCESS method=ValidLogin.testValidLogin()[pri:1, instance:script.ValidLogin@1329eff] output=HomePage is Displayed]]]>
              </value>
            </param>
          </params>
          <reporter-output>
          </reporter-output>
        </test-method> <!-- postCondition -->
      </class> <!-- script.ValidLogin -->
    </test> <!-- RegressionTestOnChrome -->
  </suite> <!-- AutomationSuite -->
</testng-results>
